<?xml version="1.0" encoding="UTF-8"?>
<testng-results ignored="0" total="1" passed="1" failed="0" skipped="0">
  <reporter-output>
  </reporter-output>
  <suite started-at="2021-05-19T23:28:23 EDT" name="AutomationPracticeSuite" finished-at="2021-05-19T23:28:29 EDT" duration-ms="6132">
    <groups>
    </groups>
    <test started-at="2021-05-19T23:28:23 EDT" name="Page1-CH" finished-at="2021-05-19T23:28:29 EDT" duration-ms="6132">
      <class name="com.automationpractice.HoverOver">
        <test-method is-config="true" signature="openChrome(java.lang.String, org.testng.ITestContext)[pri:0, instance:com.automationpractice.HoverOver@2cd2a21f]" started-at="2021-05-19T23:28:23 EDT" name="openChrome" finished-at="2021-05-19T23:28:26 EDT" duration-ms="2972" status="PASS">
          <params>
            <param index="0">
              <value>
                <![CDATA[Chrome]]>
              </value>
            </param>
            <param index="1">
              <value>
                <![CDATA[org.testng.TestRunner@1c504e66]]>
              </value>
            </param>
          </params>
          <reporter-output>
          </reporter-output>
        </test-method> <!-- openChrome -->
        <test-method signature="womenHoverOver()[pri:0, instance:com.automationpractice.HoverOver@2cd2a21f]" started-at="2021-05-19T23:28:26 EDT" name="womenHoverOver" finished-at="2021-05-19T23:28:28 EDT" duration-ms="2377" status="PASS">
          <reporter-output>
          </reporter-output>
        </test-method> <!-- womenHoverOver -->
        <test-method is-config="true" signature="quit()[pri:0, instance:com.automationpractice.HoverOver@2cd2a21f]" started-at="2021-05-19T23:28:28 EDT" name="quit" finished-at="2021-05-19T23:28:29 EDT" duration-ms="732" status="PASS">
          <reporter-output>
          </reporter-output>
        </test-method> <!-- quit -->
      </class> <!-- com.automationpractice.HoverOver -->
    </test> <!-- Page1-CH -->
  </suite> <!-- AutomationPracticeSuite -->
</testng-results>
